<?xml version="1.0" encoding="UTF-8"?>
<!-- Generated by org.testng.reporters.JUnitReportReporter -->
<testsuite hostname="kuldy" failures="0" tests="6" name="com.crm.qa.testcasespack.HomePageTest" time="90.537" errors="0" timestamp="16 Dec 2018 08:01:19 GMT" skipped="0">
  <testcase classname="com.crm.qa.testcasespack.HomePageTest" name="validatePeopleAndOrganisations" time="15.294"/>
  <testcase classname="com.crm.qa.testcasespack.HomePageTest" name="validateAddText" time="12.272"/>
  <testcase classname="com.crm.qa.testcasespack.HomePageTest" name="validatedashBoardButton" time="12.034"/>
  <testcase classname="com.crm.qa.testcasespack.HomePageTest" name="validateCalendarAndTasks" time="22.144"/>
  <testcase classname="com.crm.qa.testcasespack.HomePageTest" name="validateSalesPipeline" time="14.791"/>
  <testcase classname="com.crm.qa.testcasespack.HomePageTest" name="validateCases" time="14.002"/>
</testsuite> <!-- com.crm.qa.testcasespack.HomePageTest -->
