<?xml version="1.0" encoding="UTF-8"?>
<!-- Generated by org.testng.reporters.JUnitReportReporter -->
<testsuite hostname="kuldy" failures="0" tests="3" name="com.crm.qa.basepack.check" time="65.872" errors="0" timestamp="10 Nov 2018 07:22:42 GMT" skipped="0">
  <testcase classname="com.crm.qa.basepack.check" name="validateCheck1" time="22.349"/>
  <testcase classname="com.crm.qa.basepack.check" name="validateCheck1" time="23.004"/>
  <testcase classname="com.crm.qa.basepack.check" name="validateCheck1" time="20.519"/>
</testsuite> <!-- com.crm.qa.basepack.check -->
