<?xml version="1.0" encoding="UTF-8"?>
<!-- Generated by org.testng.reporters.JUnitReportReporter -->
<testsuite hostname="kuldy" failures="0" tests="1" name="com.crm.qa.utilpack.DatePattern" time="0.181" errors="0" timestamp="10 Feb 2019 04:55:07 GMT" skipped="0">
  <testcase classname="com.crm.qa.utilpack.DatePattern" name="commonExample" time="0.181"/>
</testsuite> <!-- com.crm.qa.utilpack.DatePattern -->
