<?xml version="1.0" encoding="UTF-8"?>
<!-- Generated by org.testng.reporters.JUnitReportReporter -->
<testsuite hostname="kuldy" failures="0" tests="5" name="com.crm.qa.testcasespack.PeopleAndOrganisationsTest" time="146.798" errors="0" timestamp="19 Dec 2018 06:16:00 GMT" skipped="0">
  <testcase classname="com.crm.qa.testcasespack.PeopleAndOrganisationsTest" name="addNewPersonTest" time="31.380"/>
  <testcase classname="com.crm.qa.testcasespack.PeopleAndOrganisationsTest" name="addNewPersonTest" time="38.103"/>
  <testcase classname="com.crm.qa.testcasespack.PeopleAndOrganisationsTest" name="addNewPersonTest" time="31.023"/>
  <testcase classname="com.crm.qa.testcasespack.PeopleAndOrganisationsTest" name="validateAddPerson" time="16.665"/>
  <testcase classname="com.crm.qa.testcasespack.PeopleAndOrganisationsTest" name="addNewPersonTest" time="29.627"/>
</testsuite> <!-- com.crm.qa.testcasespack.PeopleAndOrganisationsTest -->
