<?xml version="1.0" encoding="UTF-8"?>
<!-- Generated by org.testng.reporters.JUnitReportReporter -->
<testsuite hostname="kuldy" failures="0" tests="1" name="com.crm.qa.basepack.BaseClass" time="0.044" errors="0" timestamp="20 Oct 2018 09:14:08 GMT" skipped="0">
  <testcase classname="com.crm.qa.basepack.BaseClass" name="check" time="0.044"/>
</testsuite> <!-- com.crm.qa.basepack.BaseClass -->
