<?xml version="1.0" encoding="UTF-8"?>
<!-- Generated by org.testng.reporters.JUnitReportReporter -->
<testsuite hostname="kuldy" failures="0" tests="12" name="com.crm.qa.testcasespack.AddTaskPageTest" time="225.525" errors="0" timestamp="10 Feb 2019 14:48:39 GMT" skipped="0">
  <testcase classname="com.crm.qa.testcasespack.AddTaskPageTest" name="submitAddTask" time="22.584"/>
  <testcase classname="com.crm.qa.testcasespack.AddTaskPageTest" name="submitAddTask" time="20.622"/>
  <testcase classname="com.crm.qa.testcasespack.AddTaskPageTest" name="submitAddTask" time="20.364"/>
  <testcase classname="com.crm.qa.testcasespack.AddTaskPageTest" name="validateAddTaskDate" time="14.444"/>
  <testcase classname="com.crm.qa.testcasespack.AddTaskPageTest" name="validateAddTaskDate" time="15.458"/>
  <testcase classname="com.crm.qa.testcasespack.AddTaskPageTest" name="validateAddTaskDescription" time="18.407"/>
  <testcase classname="com.crm.qa.testcasespack.AddTaskPageTest" name="validateAddTaskDescription" time="28.370"/>
  <testcase classname="com.crm.qa.testcasespack.AddTaskPageTest" name="validateAddTaskDescription" time="15.889"/>
  <testcase classname="com.crm.qa.testcasespack.AddTaskPageTest" name="validateAddTaskDate" time="15.879"/>
  <testcase classname="com.crm.qa.testcasespack.AddTaskPageTest" name="deleteTask" time="17.553"/>
  <testcase classname="com.crm.qa.testcasespack.AddTaskPageTest" name="deleteTask" time="16.751"/>
  <testcase classname="com.crm.qa.testcasespack.AddTaskPageTest" name="deleteTask" time="19.204"/>
</testsuite> <!-- com.crm.qa.testcasespack.AddTaskPageTest -->
