<?xml version="1.0" encoding="UTF-8"?>
<!-- Generated by org.testng.reporters.JUnitReportReporter -->
<testsuite hostname="kuldy" failures="0" tests="4" name="com.crm.qa.testcasespack.LoginPageTest" time="41.197" errors="0" timestamp="01 Feb 2019 22:41:37 GMT" skipped="0">
  <testcase classname="com.crm.qa.testcasespack.LoginPageTest" name="validateTitle" time="15.096"/>
  <testcase classname="com.crm.qa.testcasespack.LoginPageTest" name="validateLoginLogo" time="6.848"/>
  <testcase classname="com.crm.qa.testcasespack.LoginPageTest" name="validateRememberUserName" time="6.492"/>
  <testcase classname="com.crm.qa.testcasespack.LoginPageTest" name="validateLogin" time="12.761"/>
</testsuite> <!-- com.crm.qa.testcasespack.LoginPageTest -->
