<?xml version="1.0" encoding="UTF-8"?>
<!-- Generated by org.testng.reporters.JUnitReportReporter -->
<testsuite hostname="kuldy" failures="0" tests="1" name="com.crm.qa.testcasespack.checkTest" time="24.968" errors="0" timestamp="10 Feb 2019 12:56:37 GMT" skipped="0">
  <testcase classname="com.crm.qa.testcasespack.checkTest" name="validateOtherDetailsOfAddTaskEntryForm" time="24.968"/>
</testsuite> <!-- com.crm.qa.testcasespack.checkTest -->
